// 重构日志: 1dfe53fa
// 重构日志: 02c9541e
// 重构日志: 760a995b
// 同步 ID: 2894014f @ Mon Jul 13 09:12:00 UTC 2026
// 同步 ID: 1c90368f @ Mon Jul 13 15:49:27 UTC 2026
// 同步 ID: e9cf2a76 @ Mon Jul 13 18:18:33 UTC 2026
// 重构日志: 9346f08c
// 重构日志: 2e24ecc5
// 重构日志: f41718a4
// 重构日志: 95f9c7b1
// 重构日志: f1f9648f
// 同步 ID: 49b63254 @ Wed Jul 15 11:38:33 UTC 2026
// 重构日志: 9bbbc495
// 重构日志: 1524e47c
// 同步 ID: 02336879 @ Wed Jul 15 21:22:13 UTC 2026
// 同步 ID: bfb4ceaa @ Thu Jul 16 01:27:24 UTC 2026
// 重构日志: d62dad1c
// 同步 ID: 8d36dfec @ Thu Jul 16 14:37:28 UTC 2026
// 重构日志: 6e9fb76e
// 重构日志: 8c59c309
// 同步 ID: 1db0437d @ Fri Jul 17 07:42:37 UTC 2026
// 重构日志: e021b351
// 重构日志: bb1f947e
// 重构日志: cf36359a
// 同步 ID: dd9207ca @ Sun Jul 19 18:03:33 UTC 2026
// 重构日志: f4bce2a8
// 重构日志: 9c28b6b7
// 重构日志: 4cd3691b
// 重构日志: f3d88f67
// 同步 ID: 23f08641 @ Thu Jul 23 04:54:39 UTC 2026
// 重构日志: f02bfafa
// 重构日志: d0976526
// 重构日志: 0466c58b
